This file contains any messages produced by compilers while
running configure, to aid debugging if configure makes a mistake.

It was created by lifepad3 configure 0.1, which was
generated by GNU Autoconf 2.61.  Invocation command line was

  $ ./configure --enable-maintainer-mode

## --------- ##
## Platform. ##
## --------- ##

hostname = dahui-laptop
uname -m = i686
uname -r = 2.6.24-25-generic
uname -s = Linux
uname -v = #1 SMP Tue Oct 20 07:31:10 UTC 2009

/usr/bin/uname -p = unknown
/bin/uname -X     = unknown

/bin/arch              = unknown
/usr/bin/arch -k       = unknown
/usr/convex/getsysinfo = unknown
/usr/bin/hostinfo      = unknown
/bin/machine           = unknown
/usr/bin/oslevel       = unknown
/bin/universe          = unknown

PATH: /opt/BerkeleyDB-4.7.25/bin
PATH: /opt/ActivePerl-5.10/bin
PATH: /opt/ActivePerl-5.10/site/bin
PATH: /usr/local/sbin
PATH: /usr/local/bin
PATH: /usr/sbin
PATH: /usr/bin
PATH: /sbin
PATH: /bin
PATH: /usr/games


## ----------- ##
## Core tests. ##
## ----------- ##

configure:2031: checking for a BSD-compatible install
configure:2087: result: /usr/bin/install -c
configure:2098: checking whether build environment is sane
configure:2141: result: yes
configure:2174: checking for gawk
configure:2190: found /usr/bin/gawk
configure:2201: result: gawk
configure:2212: checking whether make sets $(MAKE)
configure:2233: result: yes
configure:2415: checking whether to enable maintainer-specific portions of Makefiles
configure:2424: result: yes
configure:2452: checking for style of include used by make
configure:2480: result: GNU
configure:2553: checking for gcc
configure:2569: found /usr/bin/gcc
configure:2580: result: gcc
configure:2818: checking for C compiler version
configure:2825: gcc --version >&5
gcc (GCC) 4.2.4 (Ubuntu 4.2.4-1ubuntu4)
Copyright (C) 2007 Free Software Foundation, Inc.
This is free software; see the source for copying conditions.  There is NO
warranty; not even for MERCHANTABILITY or FITNESS FOR A PARTICULAR PURPOSE.

configure:2828: $? = 0
configure:2835: gcc -v >&5
Using built-in specs.
Target: i486-linux-gnu
Configured with: ../src/configure -v --enable-languages=c,c++,fortran,objc,obj-c++,treelang --prefix=/usr --enable-shared --with-system-zlib --libexecdir=/usr/lib --without-included-gettext --enable-threads=posix --enable-nls --with-gxx-include-dir=/usr/include/c++/4.2 --program-suffix=-4.2 --enable-clocale=gnu --enable-libstdcxx-debug --enable-objc-gc --enable-mpfr --enable-targets=all --enable-checking=release --build=i486-linux-gnu --host=i486-linux-gnu --target=i486-linux-gnu
Thread model: posix
gcc version 4.2.4 (Ubuntu 4.2.4-1ubuntu4)
configure:2838: $? = 0
configure:2845: gcc -V >&5
gcc: '-V' option must have argument
configure:2848: $? = 1
configure:2871: checking for C compiler default output file name
configure:2898: gcc    conftest.c  >&5
configure:2901: $? = 0
configure:2939: result: a.out
configure:2956: checking whether the C compiler works
configure:2966: ./a.out
configure:2969: $? = 0
configure:2986: result: yes
configure:2993: checking whether we are cross compiling
configure:2995: result: no
configure:2998: checking for suffix of executables
configure:3005: gcc -o conftest    conftest.c  >&5
configure:3008: $? = 0
configure:3032: result: 
configure:3038: checking for suffix of object files
configure:3064: gcc -c   conftest.c >&5
configure:3067: $? = 0
configure:3090: result: o
configure:3094: checking whether we are using the GNU C compiler
configure:3123: gcc -c   conftest.c >&5
configure:3129: $? = 0
configure:3146: result: yes
configure:3151: checking whether gcc accepts -g
configure:3181: gcc -c -g  conftest.c >&5
configure:3187: $? = 0
configure:3286: result: yes
configure:3303: checking for gcc option to accept ISO C89
configure:3377: gcc  -c -g -O2  conftest.c >&5
configure:3383: $? = 0
configure:3406: result: none needed
configure:3426: checking dependency style of gcc
configure:3509: result: gcc3
configure:3527: checking for library containing strerror
configure:3568: gcc -o conftest -g -O2   conftest.c  >&5
configure:3574: $? = 0
configure:3602: result: none required
configure:3658: checking for gcc
configure:3685: result: gcc
configure:3923: checking for C compiler version
configure:3930: gcc --version >&5
gcc (GCC) 4.2.4 (Ubuntu 4.2.4-1ubuntu4)
Copyright (C) 2007 Free Software Foundation, Inc.
This is free software; see the source for copying conditions.  There is NO
warranty; not even for MERCHANTABILITY or FITNESS FOR A PARTICULAR PURPOSE.

configure:3933: $? = 0
configure:3940: gcc -v >&5
Using built-in specs.
Target: i486-linux-gnu
Configured with: ../src/configure -v --enable-languages=c,c++,fortran,objc,obj-c++,treelang --prefix=/usr --enable-shared --with-system-zlib --libexecdir=/usr/lib --without-included-gettext --enable-threads=posix --enable-nls --with-gxx-include-dir=/usr/include/c++/4.2 --program-suffix=-4.2 --enable-clocale=gnu --enable-libstdcxx-debug --enable-objc-gc --enable-mpfr --enable-targets=all --enable-checking=release --build=i486-linux-gnu --host=i486-linux-gnu --target=i486-linux-gnu
Thread model: posix
gcc version 4.2.4 (Ubuntu 4.2.4-1ubuntu4)
configure:3943: $? = 0
configure:3950: gcc -V >&5
gcc: '-V' option must have argument
configure:3953: $? = 1
configure:3956: checking whether we are using the GNU C compiler
configure:4008: result: yes
configure:4013: checking whether gcc accepts -g
configure:4148: result: yes
configure:4165: checking for gcc option to accept ISO C89
configure:4268: result: none needed
configure:4288: checking dependency style of gcc
configure:4371: result: gcc3
configure:4391: checking for gcc option to accept ANSI C
configure:4459: gcc  -c -g -O2  conftest.c >&5
configure:4465: $? = 0
configure:4485: result: none needed
configure:4501: checking how to run the C preprocessor
configure:4541: gcc -E  conftest.c
configure:4547: $? = 0
configure:4578: gcc -E  conftest.c
conftest.c:10:28: error: ac_nonexistent.h: No such file or directory
configure:4584: $? = 1
configure: failed program was:
| /* confdefs.h.  */
| #define PACKAGE_NAME "lifepad3"
| #define PACKAGE_TARNAME "lifepad3"
| #define PACKAGE_VERSION "0.1"
| #define PACKAGE_STRING "lifepad3 0.1"
| #define PACKAGE_BUGREPORT ""
| #define PACKAGE "lifepad3"
| #define VERSION "0.1"
| /* end confdefs.h.  */
| #include <ac_nonexistent.h>
configure:4617: result: gcc -E
configure:4646: gcc -E  conftest.c
configure:4652: $? = 0
configure:4683: gcc -E  conftest.c
conftest.c:10:28: error: ac_nonexistent.h: No such file or directory
configure:4689: $? = 1
configure: failed program was:
| /* confdefs.h.  */
| #define PACKAGE_NAME "lifepad3"
| #define PACKAGE_TARNAME "lifepad3"
| #define PACKAGE_VERSION "0.1"
| #define PACKAGE_STRING "lifepad3 0.1"
| #define PACKAGE_BUGREPORT ""
| #define PACKAGE "lifepad3"
| #define VERSION "0.1"
| /* end confdefs.h.  */
| #include <ac_nonexistent.h>
configure:4727: checking for grep that handles long lines and -e
configure:4801: result: /bin/grep
configure:4806: checking for egrep
configure:4884: result: /bin/grep -E
configure:4889: checking for ANSI C header files
configure:4919: gcc -c -g -O2  conftest.c >&5
configure:4925: $? = 0
configure:5024: gcc -o conftest -g -O2   conftest.c  >&5
configure:5027: $? = 0
configure:5033: ./conftest
configure:5036: $? = 0
configure:5053: result: yes
configure:5088: checking for sys/types.h
configure:5109: gcc -c -g -O2  conftest.c >&5
configure:5115: $? = 0
configure:5131: result: yes
configure:5088: checking for sys/stat.h
configure:5109: gcc -c -g -O2  conftest.c >&5
configure:5115: $? = 0
configure:5131: result: yes
configure:5088: checking for stdlib.h
configure:5109: gcc -c -g -O2  conftest.c >&5
configure:5115: $? = 0
configure:5131: result: yes
configure:5088: checking for string.h
configure:5109: gcc -c -g -O2  conftest.c >&5
configure:5115: $? = 0
configure:5131: result: yes
configure:5088: checking for memory.h
configure:5109: gcc -c -g -O2  conftest.c >&5
configure:5115: $? = 0
configure:5131: result: yes
configure:5088: checking for strings.h
configure:5109: gcc -c -g -O2  conftest.c >&5
configure:5115: $? = 0
configure:5131: result: yes
configure:5088: checking for inttypes.h
configure:5109: gcc -c -g -O2  conftest.c >&5
configure:5115: $? = 0
configure:5131: result: yes
configure:5088: checking for stdint.h
configure:5109: gcc -c -g -O2  conftest.c >&5
configure:5115: $? = 0
configure:5131: result: yes
configure:5088: checking for unistd.h
configure:5109: gcc -c -g -O2  conftest.c >&5
configure:5115: $? = 0
configure:5131: result: yes
configure:5159: checking locale.h usability
configure:5176: gcc -c -g -O2  conftest.c >&5
configure:5182: $? = 0
configure:5196: result: yes
configure:5200: checking locale.h presence
configure:5215: gcc -E  conftest.c
configure:5221: $? = 0
configure:5235: result: yes
configure:5263: checking for locale.h
configure:5271: result: yes
configure:5285: checking for LC_MESSAGES
configure:5311: gcc -o conftest -g -O2   conftest.c  >&5
configure:5317: $? = 0
configure:5334: result: yes
configure:5363: checking libintl.h usability
configure:5380: gcc -c -g -O2  conftest.c >&5
configure:5386: $? = 0
configure:5400: result: yes
configure:5404: checking libintl.h presence
configure:5419: gcc -E  conftest.c
configure:5425: $? = 0
configure:5439: result: yes
configure:5467: checking for libintl.h
configure:5474: result: yes
configure:5485: checking for ngettext in libc
configure:5513: gcc -o conftest -g -O2   conftest.c  >&5
configure:5519: $? = 0
configure:5537: result: yes
configure:5541: checking for dgettext in libc
configure:5569: gcc -o conftest -g -O2   conftest.c  >&5
configure:5575: $? = 0
configure:5593: result: yes
configure:5602: checking for bind_textdomain_codeset
configure:5658: gcc -o conftest -g -O2   conftest.c  >&5
configure:5664: $? = 0
configure:5682: result: yes
configure:6169: checking for msgfmt
configure:6196: result: /usr/bin/msgfmt
configure:6209: checking for dcgettext
configure:6265: gcc -o conftest -g -O2   conftest.c   >&5
conftest.c:48: warning: conflicting types for built-in function 'dcgettext'
configure:6271: $? = 0
configure:6289: result: yes
configure:6300: checking if msgfmt accepts -c
configure:6315: $MSGFMT -c -o /dev/null conftest.foo
configure:6318: $? = 0
configure:6320: result: yes
configure:6330: checking for gmsgfmt
configure:6361: result: /usr/bin/msgfmt
configure:6371: checking for xgettext
configure:6398: result: /usr/bin/xgettext
configure:6427: gcc -o conftest -g -O2   conftest.c   >&5
configure:6433: $? = 0
configure:6671: checking for intltool >= 0.35.0
configure:6678: result: 0.37.1 found
configure:6729: checking for xgettext
configure:6759: result: /usr/bin/xgettext
configure:6769: checking for msgmerge
configure:6787: found /usr/bin/msgmerge
configure:6799: result: /usr/bin/msgmerge
configure:6809: checking for msgfmt
configure:6839: result: /usr/bin/msgfmt
configure:6871: checking for perl
configure:6889: found /opt/ActivePerl-5.10/bin/perl
configure:6901: result: /opt/ActivePerl-5.10/bin/perl
configure:6920: checking for XML::Parser
configure:6923: result: ok
configure:7166: checking build system type
configure:7184: result: i686-pc-linux-gnu
configure:7206: checking host system type
configure:7221: result: i686-pc-linux-gnu
configure:7243: checking for a sed that does not truncate output
configure:7299: result: /bin/sed
configure:7313: checking for ld used by gcc
configure:7380: result: /usr/bin/ld
configure:7389: checking if the linker (/usr/bin/ld) is GNU ld
configure:7404: result: yes
configure:7409: checking for /usr/bin/ld option to reload object files
configure:7416: result: -r
configure:7434: checking for BSD-compatible nm
configure:7483: result: /usr/bin/nm -B
configure:7487: checking whether ln -s works
configure:7491: result: yes
configure:7498: checking how to recognize dependent libraries
configure:7684: result: pass_all
configure:7938: checking dlfcn.h usability
configure:7955: gcc -c -g -O2  conftest.c >&5
configure:7961: $? = 0
configure:7975: result: yes
configure:7979: checking dlfcn.h presence
configure:7994: gcc -E  conftest.c
configure:8000: $? = 0
configure:8014: result: yes
configure:8042: checking for dlfcn.h
configure:8050: result: yes
configure:8121: checking for g++
configure:8137: found /usr/bin/g++
configure:8148: result: g++
configure:8179: checking for C++ compiler version
configure:8186: g++ --version >&5
g++ (GCC) 4.2.4 (Ubuntu 4.2.4-1ubuntu4)
Copyright (C) 2007 Free Software Foundation, Inc.
This is free software; see the source for copying conditions.  There is NO
warranty; not even for MERCHANTABILITY or FITNESS FOR A PARTICULAR PURPOSE.

configure:8189: $? = 0
configure:8196: g++ -v >&5
Using built-in specs.
Target: i486-linux-gnu
Configured with: ../src/configure -v --enable-languages=c,c++,fortran,objc,obj-c++,treelang --prefix=/usr --enable-shared --with-system-zlib --libexecdir=/usr/lib --without-included-gettext --enable-threads=posix --enable-nls --with-gxx-include-dir=/usr/include/c++/4.2 --program-suffix=-4.2 --enable-clocale=gnu --enable-libstdcxx-debug --enable-objc-gc --enable-mpfr --enable-targets=all --enable-checking=release --build=i486-linux-gnu --host=i486-linux-gnu --target=i486-linux-gnu
Thread model: posix
gcc version 4.2.4 (Ubuntu 4.2.4-1ubuntu4)
configure:8199: $? = 0
configure:8206: g++ -V >&5
g++: '-V' option must have argument
configure:8209: $? = 1
configure:8212: checking whether we are using the GNU C++ compiler
configure:8241: g++ -c   conftest.cpp >&5
configure:8247: $? = 0
configure:8264: result: yes
configure:8269: checking whether g++ accepts -g
configure:8299: g++ -c -g  conftest.cpp >&5
configure:8305: $? = 0
configure:8404: result: yes
configure:8429: checking dependency style of g++
configure:8512: result: gcc3
configure:8539: checking how to run the C++ preprocessor
configure:8575: g++ -E  conftest.cpp
configure:8581: $? = 0
configure:8612: g++ -E  conftest.cpp
conftest.cpp:28:28: error: ac_nonexistent.h: No such file or directory
configure:8618: $? = 1
configure: failed program was:
| /* confdefs.h.  */
| #define PACKAGE_NAME "lifepad3"
| #define PACKAGE_TARNAME "lifepad3"
| #define PACKAGE_VERSION "0.1"
| #define PACKAGE_STRING "lifepad3 0.1"
| #define PACKAGE_BUGREPORT ""
| #define PACKAGE "lifepad3"
| #define VERSION "0.1"
| #define STDC_HEADERS 1
| #define GETTEXT_PACKAGE "lifepad3"
| #define HAVE_SYS_TYPES_H 1
| #define HAVE_SYS_STAT_H 1
| #define HAVE_STDLIB_H 1
| #define HAVE_STRING_H 1
| #define HAVE_MEMORY_H 1
| #define HAVE_STRINGS_H 1
| #define HAVE_INTTYPES_H 1
| #define HAVE_STDINT_H 1
| #define HAVE_UNISTD_H 1
| #define HAVE_LOCALE_H 1
| #define HAVE_LC_MESSAGES 1
| #define HAVE_BIND_TEXTDOMAIN_CODESET 1
| #define HAVE_GETTEXT 1
| #define HAVE_DCGETTEXT 1
| #define ENABLE_NLS 1
| #define HAVE_DLFCN_H 1
| /* end confdefs.h.  */
| #include <ac_nonexistent.h>
configure:8651: result: g++ -E
configure:8680: g++ -E  conftest.cpp
configure:8686: $? = 0
configure:8717: g++ -E  conftest.cpp
conftest.cpp:28:28: error: ac_nonexistent.h: No such file or directory
configure:8723: $? = 1
configure: failed program was:
| /* confdefs.h.  */
| #define PACKAGE_NAME "lifepad3"
| #define PACKAGE_TARNAME "lifepad3"
| #define PACKAGE_VERSION "0.1"
| #define PACKAGE_STRING "lifepad3 0.1"
| #define PACKAGE_BUGREPORT ""
| #define PACKAGE "lifepad3"
| #define VERSION "0.1"
| #define STDC_HEADERS 1
| #define GETTEXT_PACKAGE "lifepad3"
| #define HAVE_SYS_TYPES_H 1
| #define HAVE_SYS_STAT_H 1
| #define HAVE_STDLIB_H 1
| #define HAVE_STRING_H 1
| #define HAVE_MEMORY_H 1
| #define HAVE_STRINGS_H 1
| #define HAVE_INTTYPES_H 1
| #define HAVE_STDINT_H 1
| #define HAVE_UNISTD_H 1
| #define HAVE_LOCALE_H 1
| #define HAVE_LC_MESSAGES 1
| #define HAVE_BIND_TEXTDOMAIN_CODESET 1
| #define HAVE_GETTEXT 1
| #define HAVE_DCGETTEXT 1
| #define ENABLE_NLS 1
| #define HAVE_DLFCN_H 1
| /* end confdefs.h.  */
| #include <ac_nonexistent.h>
configure:8816: checking for g77
configure:8846: result: no
configure:8816: checking for xlf
configure:8846: result: no
configure:8816: checking for f77
configure:8846: result: no
configure:8816: checking for frt
configure:8846: result: no
configure:8816: checking for pgf77
configure:8846: result: no
configure:8816: checking for cf77
configure:8846: result: no
configure:8816: checking for fort77
configure:8846: result: no
configure:8816: checking for fl32
configure:8846: result: no
configure:8816: checking for af77
configure:8846: result: no
configure:8816: checking for xlf90
configure:8846: result: no
configure:8816: checking for f90
configure:8846: result: no
configure:8816: checking for pgf90
configure:8846: result: no
configure:8816: checking for pghpf
configure:8846: result: no
configure:8816: checking for epcf90
configure:8846: result: no
configure:8816: checking for gfortran
configure:8846: result: no
configure:8816: checking for g95
configure:8846: result: no
configure:8816: checking for xlf95
configure:8846: result: no
configure:8816: checking for f95
configure:8846: result: no
configure:8816: checking for fort
configure:8846: result: no
configure:8816: checking for ifort
configure:8846: result: no
configure:8816: checking for ifc
configure:8846: result: no
configure:8816: checking for efc
configure:8846: result: no
configure:8816: checking for pgf95
configure:8846: result: no
configure:8816: checking for lf95
configure:8846: result: no
configure:8816: checking for ftn
configure:8846: result: no
configure:8873: checking for Fortran 77 compiler version
configure:8880:  --version >&5
./configure: line 8881: --version: command not found
configure:8883: $? = 127
configure:8890:  -v >&5
./configure: line 8891: -v: command not found
configure:8893: $? = 127
configure:8900:  -V >&5
./configure: line 8901: -V: command not found
configure:8903: $? = 127
configure:8911: checking whether we are using the GNU Fortran 77 compiler
configure:8930:  -c  conftest.F >&5
./configure: line 8931: -c: command not found
configure:8936: $? = 127
configure: failed program was:
|       program main
| #ifndef __GNUC__
|        choke me
| #endif
| 
|       end
configure:8953: result: no
configure:8959: checking whether  accepts -g
configure:8976:  -c -g conftest.f >&5
./configure: line 8977: -c: command not found
configure:8982: $? = 127
configure: failed program was:
|       program main
| 
|       end
configure:8998: result: no
configure:9027: checking the maximum length of command line arguments
configure:9139: result: 98304
configure:9151: checking command to parse /usr/bin/nm -B output from gcc object
configure:9256: gcc -c -g -O2  conftest.c >&5
configure:9259: $? = 0
configure:9263: /usr/bin/nm -B conftest.o \| sed -n -e 's/^.*[ 	]\([ABCDGIRSTW][ABCDGIRSTW]*\)[ 	][ 	]*\([_A-Za-z][_A-Za-z0-9]*\)$/\1 \2 \2/p' \> conftest.nm
configure:9266: $? = 0
configure:9318: gcc -o conftest -g -O2   conftest.c conftstm.o >&5
configure:9321: $? = 0
configure:9359: result: ok
configure:9363: checking for objdir
configure:9378: result: .libs
configure:9470: checking for ar
configure:9486: found /usr/bin/ar
configure:9497: result: ar
configure:9566: checking for ranlib
configure:9582: found /usr/bin/ranlib
configure:9593: result: ranlib
configure:9662: checking for strip
configure:9678: found /usr/bin/strip
configure:9689: result: strip
configure:10287: checking if gcc supports -fno-rtti -fno-exceptions
configure:10305: gcc -c -g -O2  -fno-rtti -fno-exceptions conftest.c >&5
cc1: warning: command line option "-fno-rtti" is valid for C++/ObjC++ but not for C
configure:10309: $? = 0
configure:10322: result: no
configure:10337: checking for gcc option to produce PIC
configure:10569: result: -fPIC
configure:10577: checking if gcc PIC flag -fPIC works
configure:10595: gcc -c -g -O2  -fPIC -DPIC conftest.c >&5
configure:10599: $? = 0
configure:10612: result: yes
configure:10640: checking if gcc static flag -static works
configure:10668: result: yes
configure:10678: checking if gcc supports -c -o file.o
configure:10699: gcc -c -g -O2  -o out/conftest2.o conftest.c >&5
configure:10703: $? = 0
configure:10725: result: yes
configure:10751: checking whether the gcc linker (/usr/bin/ld) supports shared libraries
configure:11732: result: yes
configure:11753: checking whether -lc should be explicitly linked in
configure:11758: gcc -c -g -O2  conftest.c >&5
configure:11761: $? = 0
configure:11776: gcc -shared conftest.o  -v -Wl,-soname -Wl,conftest -o conftest 2\>\&1 \| grep  -lc  \>/dev/null 2\>\&1
configure:11779: $? = 0
configure:11791: result: no
configure:11799: checking dynamic linker characteristics
configure:12413: result: GNU/Linux ld.so
configure:12437: checking how to hardcode library paths into programs
configure:12462: result: immediate
configure:12476: checking whether stripping libraries is possible
configure:12481: result: yes
configure:13283: checking if libtool supports shared libraries
configure:13285: result: yes
configure:13288: checking whether to build shared libraries
configure:13309: result: yes
configure:13312: checking whether to build static libraries
configure:13316: result: yes
configure:13410: creating libtool
configure:14003: checking for ld used by g++
configure:14070: result: /usr/bin/ld
configure:14079: checking if the linker (/usr/bin/ld) is GNU ld
configure:14094: result: yes
configure:14145: checking whether the g++ linker (/usr/bin/ld) supports shared libraries
configure:15091: result: yes
configure:15108: g++ -c -g -O2  conftest.cpp >&5
configure:15111: $? = 0
configure:15267: checking for g++ option to produce PIC
configure:15551: result: -fPIC
configure:15559: checking if g++ PIC flag -fPIC works
configure:15577: g++ -c -g -O2  -fPIC -DPIC conftest.cpp >&5
configure:15581: $? = 0
configure:15594: result: yes
configure:15622: checking if g++ static flag -static works
configure:15650: result: yes
configure:15660: checking if g++ supports -c -o file.o
configure:15681: g++ -c -g -O2  -o out/conftest2.o conftest.cpp >&5
configure:15685: $? = 0
configure:15707: result: yes
configure:15733: checking whether the g++ linker (/usr/bin/ld) supports shared libraries
configure:15762: result: yes
configure:15829: checking dynamic linker characteristics
configure:16391: result: GNU/Linux ld.so
configure:16415: checking how to hardcode library paths into programs
configure:16440: result: immediate
configure:22739: checking for pkg-config
configure:22757: found /usr/bin/pkg-config
configure:22769: result: /usr/bin/pkg-config
configure:22798: checking pkg-config is at least version 0.9.0
configure:22801: result: yes
configure:22812: checking for LIFEPAD3
configure:22820: $PKG_CONFIG --exists --print-errors "gtk+-2.0 >= 2.8 libglade-2.0 >= 2.6.0    "
configure:22823: $? = 0
configure:22838: $PKG_CONFIG --exists --print-errors "gtk+-2.0 >= 2.8 libglade-2.0 >= 2.6.0    "
configure:22841: $? = 0
configure:22917: result: yes
configure:23068: creating ./config.status

## ---------------------- ##
## Running config.status. ##
## ---------------------- ##

This file was extended by lifepad3 config.status 0.1, which was
generated by GNU Autoconf 2.61.  Invocation command line was

  CONFIG_FILES    = 
  CONFIG_HEADERS  = 
  CONFIG_LINKS    = 
  CONFIG_COMMANDS = 
  $ ./config.status 

on dahui-laptop

config.status:716: creating Makefile
config.status:716: creating src/Makefile
config.status:716: creating po/Makefile.in
config.status:716: creating config.h
config.status:990: executing depfiles commands
config.status:990: executing default-1 commands
config.status:990: executing intltool commands
config.status:990: executing po/stamp-it commands

## ---------------- ##
## Cache variables. ##
## ---------------- ##

ac_cv_build=i686-pc-linux-gnu
ac_cv_c_compiler_gnu=yes
ac_cv_cxx_compiler_gnu=yes
ac_cv_env_CCC_set=
ac_cv_env_CCC_value=
ac_cv_env_CC_set=
ac_cv_env_CC_value=
ac_cv_env_CFLAGS_set=
ac_cv_env_CFLAGS_value=
ac_cv_env_CPPFLAGS_set=
ac_cv_env_CPPFLAGS_value=
ac_cv_env_CPP_set=
ac_cv_env_CPP_value=
ac_cv_env_CXXCPP_set=
ac_cv_env_CXXCPP_value=
ac_cv_env_CXXFLAGS_set=
ac_cv_env_CXXFLAGS_value=
ac_cv_env_CXX_set=
ac_cv_env_CXX_value=
ac_cv_env_F77_set=
ac_cv_env_F77_value=
ac_cv_env_FFLAGS_set=
ac_cv_env_FFLAGS_value=
ac_cv_env_LDFLAGS_set=
ac_cv_env_LDFLAGS_value=
ac_cv_env_LIBS_set=
ac_cv_env_LIBS_value=
ac_cv_env_LIFEPAD3_CFLAGS_set=
ac_cv_env_LIFEPAD3_CFLAGS_value=
ac_cv_env_LIFEPAD3_LIBS_set=
ac_cv_env_LIFEPAD3_LIBS_value=
ac_cv_env_PKG_CONFIG_set=
ac_cv_env_PKG_CONFIG_value=
ac_cv_env_build_alias_set=
ac_cv_env_build_alias_value=
ac_cv_env_host_alias_set=
ac_cv_env_host_alias_value=
ac_cv_env_target_alias_set=
ac_cv_env_target_alias_value=
ac_cv_f77_compiler_gnu=no
ac_cv_func_bind_textdomain_codeset=yes
ac_cv_func_dcgettext=yes
ac_cv_header_dlfcn_h=yes
ac_cv_header_inttypes_h=yes
ac_cv_header_libintl_h=yes
ac_cv_header_locale_h=yes
ac_cv_header_memory_h=yes
ac_cv_header_stdc=yes
ac_cv_header_stdint_h=yes
ac_cv_header_stdlib_h=yes
ac_cv_header_string_h=yes
ac_cv_header_strings_h=yes
ac_cv_header_sys_stat_h=yes
ac_cv_header_sys_types_h=yes
ac_cv_header_unistd_h=yes
ac_cv_host=i686-pc-linux-gnu
ac_cv_objext=o
ac_cv_path_EGREP='/bin/grep -E'
ac_cv_path_GMSGFMT=/usr/bin/msgfmt
ac_cv_path_GREP=/bin/grep
ac_cv_path_INTLTOOL_PERL=/opt/ActivePerl-5.10/bin/perl
ac_cv_path_MSGFMT=/usr/bin/msgfmt
ac_cv_path_MSGMERGE=/usr/bin/msgmerge
ac_cv_path_XGETTEXT=/usr/bin/xgettext
ac_cv_path_ac_pt_PKG_CONFIG=/usr/bin/pkg-config
ac_cv_path_install='/usr/bin/install -c'
ac_cv_prog_AWK=gawk
ac_cv_prog_CPP='gcc -E'
ac_cv_prog_CXXCPP='g++ -E'
ac_cv_prog_ac_ct_AR=ar
ac_cv_prog_ac_ct_CC=gcc
ac_cv_prog_ac_ct_CXX=g++
ac_cv_prog_ac_ct_RANLIB=ranlib
ac_cv_prog_ac_ct_STRIP=strip
ac_cv_prog_cc_c89=
ac_cv_prog_cc_g=yes
ac_cv_prog_cxx_g=yes
ac_cv_prog_f77_g=no
ac_cv_prog_make_make_set=yes
ac_cv_search_strerror='none required'
am_cv_CC_dependencies_compiler_type=gcc3
am_cv_CXX_dependencies_compiler_type=gcc3
am_cv_prog_cc_stdc=
am_cv_val_LC_MESSAGES=yes
gt_cv_func_dgettext_libc=yes
gt_cv_func_dgettext_libintl=no
gt_cv_func_ngettext_libc=yes
gt_cv_have_gettext=yes
lt_cv_deplibs_check_method=pass_all
lt_cv_file_magic_cmd='$MAGIC_CMD'
lt_cv_file_magic_test_file=
lt_cv_ld_reload_flag=-r
lt_cv_objdir=.libs
lt_cv_path_LD=/usr/bin/ld
lt_cv_path_LDCXX=/usr/bin/ld
lt_cv_path_NM='/usr/bin/nm -B'
lt_cv_path_SED=/bin/sed
lt_cv_prog_compiler_c_o=yes
lt_cv_prog_compiler_c_o_CXX=yes
lt_cv_prog_compiler_pic_works=yes
lt_cv_prog_compiler_pic_works_CXX=yes
lt_cv_prog_compiler_rtti_exceptions=no
lt_cv_prog_compiler_static_works=yes
lt_cv_prog_compiler_static_works_CXX=yes
lt_cv_prog_gnu_ld=yes
lt_cv_prog_gnu_ldcxx=yes
lt_cv_sys_global_symbol_pipe='sed -n -e '\''s/^.*[ 	]\([ABCDGIRSTW][ABCDGIRSTW]*\)[ 	][ 	]*\([_A-Za-z][_A-Za-z0-9]*\)$/\1 \2 \2/p'\'''
lt_cv_sys_global_symbol_to_c_name_address='sed -n -e '\''s/^: \([^ ]*\) $/  {\"\1\", (lt_ptr) 0},/p'\'' -e '\''s/^[BCDEGRST] \([^ ]*\) \([^ ]*\)$/  {"\2", (lt_ptr) \&\2},/p'\'''
lt_cv_sys_global_symbol_to_cdecl='sed -n -e '\''s/^. .* \(.*\)$/extern int \1;/p'\'''
lt_cv_sys_lib_dlsearch_path_spec='/lib /usr/lib /lib/i486-linux-gnu /usr/lib/i486-linux-gnu /usr/local/lib '
lt_cv_sys_lib_search_path_spec='/usr/lib/gcc/i486-linux-gnu/4.2.4 /usr/lib /lib'
lt_cv_sys_max_cmd_len=98304
lt_lt_cv_prog_compiler_c_o='"yes"'
lt_lt_cv_prog_compiler_c_o_CXX='"yes"'
lt_lt_cv_sys_global_symbol_pipe='"sed -n -e '\''s/^.*[ 	]\\([ABCDGIRSTW][ABCDGIRSTW]*\\)[ 	][ 	]*\\([_A-Za-z][_A-Za-z0-9]*\\)\$/\\1 \\2 \\2/p'\''"'
lt_lt_cv_sys_global_symbol_to_c_name_address='"sed -n -e '\''s/^: \\([^ ]*\\) \$/  {\\\"\\1\\\", (lt_ptr) 0},/p'\'' -e '\''s/^[BCDEGRST] \\([^ ]*\\) \\([^ ]*\\)\$/  {\"\\2\", (lt_ptr) \\&\\2},/p'\''"'
lt_lt_cv_sys_global_symbol_to_cdecl='"sed -n -e '\''s/^. .* \\(.*\\)\$/extern int \\1;/p'\''"'
pkg_cv_LIFEPAD3_CFLAGS='-I/usr/include/gtk-2.0 -I/usr/lib/gtk-2.0/include -I/usr/include/atk-1.0 -I/usr/include/cairo -I/usr/include/pango-1.0 -I/usr/include/glib-2.0 -I/usr/lib/glib-2.0/include -I/usr/include/freetype2 -I/usr/include/libpng12 -I/usr/include/pixman-1 -I/usr/include/libglade-2.0 -I/usr/include/libxml2  '
pkg_cv_LIFEPAD3_LIBS='-lglade-2.0 -lgtk-x11-2.0 -lxml2 -lgdk-x11-2.0 -latk-1.0 -lgdk_pixbuf-2.0 -lm -lpangocairo-1.0 -lpango-1.0 -lcairo -lgobject-2.0 -lgmodule-2.0 -ldl -lglib-2.0  '

## ----------------- ##
## Output variables. ##
## ----------------- ##

ACLOCAL='${SHELL} /home/dahui/Program/gtk/lifepad3/missing --run aclocal-1.7'
ALL_LINGUAS=''
AMDEPBACKSLASH='\'
AMDEP_FALSE='#'
AMDEP_TRUE=''
AMTAR='${SHELL} /home/dahui/Program/gtk/lifepad3/missing --run tar'
AR='ar'
AUTOCONF='${SHELL} /home/dahui/Program/gtk/lifepad3/missing --run autoconf'
AUTOHEADER='${SHELL} /home/dahui/Program/gtk/lifepad3/missing --run autoheader'
AUTOMAKE='${SHELL} /home/dahui/Program/gtk/lifepad3/missing --run automake-1.7'
AWK='gawk'
CATALOGS=''
CATOBJEXT='.gmo'
CC='gcc'
CCDEPMODE='depmode=gcc3'
CFLAGS='-g -O2'
CPP='gcc -E'
CPPFLAGS=''
CXX='g++'
CXXCPP='g++ -E'
CXXDEPMODE='depmode=gcc3'
CXXFLAGS='-g -O2'
CYGPATH_W='echo'
DATADIRNAME='share'
DEFS='-DHAVE_CONFIG_H'
DEPDIR='.deps'
DSYMUTIL=''
ECHO='echo'
ECHO_C=''
ECHO_N='-n'
ECHO_T=''
EGREP='/bin/grep -E'
EXEEXT=''
F77=''
FFLAGS=''
GETTEXT_PACKAGE='lifepad3'
GMOFILES=''
GMSGFMT='/usr/bin/msgfmt'
GREP='/bin/grep'
INSTALL_DATA='${INSTALL} -m 644'
INSTALL_PROGRAM='${INSTALL}'
INSTALL_SCRIPT='${INSTALL}'
INSTALL_STRIP_PROGRAM='${SHELL} $(install_sh) -c -s'
INSTOBJEXT='.mo'
INTLLIBS=''
INTLTOOL_CAVES_RULE='%.caves:     %.caves.in     $(INTLTOOL_MERGE) $(wildcard $(top_srcdir)/po/*.po) ; LC_ALL=C $(INTLTOOL_MERGE) -d -u -c $(top_builddir)/po/.intltool-merge-cache $(top_srcdir)/po $< $@'
INTLTOOL_DESKTOP_RULE='%.desktop:   %.desktop.in   $(INTLTOOL_MERGE) $(wildcard $(top_srcdir)/po/*.po) ; LC_ALL=C $(INTLTOOL_MERGE) -d -u -c $(top_builddir)/po/.intltool-merge-cache $(top_srcdir)/po $< $@'
INTLTOOL_DIRECTORY_RULE='%.directory: %.directory.in $(INTLTOOL_MERGE) $(wildcard $(top_srcdir)/po/*.po) ; LC_ALL=C $(INTLTOOL_MERGE) -d -u -c $(top_builddir)/po/.intltool-merge-cache $(top_srcdir)/po $< $@'
INTLTOOL_EXTRACT='$(top_builddir)/intltool-extract'
INTLTOOL_KBD_RULE='%.kbd:       %.kbd.in       $(INTLTOOL_MERGE) $(wildcard $(top_srcdir)/po/*.po) ; LC_ALL=C $(INTLTOOL_MERGE) -x -u -m -c $(top_builddir)/po/.intltool-merge-cache $(top_srcdir)/po $< $@'
INTLTOOL_KEYS_RULE='%.keys:      %.keys.in      $(INTLTOOL_MERGE) $(wildcard $(top_srcdir)/po/*.po) ; LC_ALL=C $(INTLTOOL_MERGE) -k -u -c $(top_builddir)/po/.intltool-merge-cache $(top_srcdir)/po $< $@'
INTLTOOL_MERGE='$(top_builddir)/intltool-merge'
INTLTOOL_OAF_RULE='%.oaf:       %.oaf.in       $(INTLTOOL_MERGE) $(wildcard $(top_srcdir)/po/*.po) ; LC_ALL=C $(INTLTOOL_MERGE) -o -p $(top_srcdir)/po $< $@'
INTLTOOL_PERL='/opt/ActivePerl-5.10/bin/perl'
INTLTOOL_POLICY_RULE='%.policy:    %.policy.in    $(INTLTOOL_MERGE) $(wildcard $(top_srcdir)/po/*.po) ; LC_ALL=C $(INTLTOOL_MERGE) -x -u -c $(top_builddir)/po/.intltool-merge-cache $(top_srcdir)/po $< $@'
INTLTOOL_PONG_RULE='%.pong:      %.pong.in      $(INTLTOOL_MERGE) $(wildcard $(top_srcdir)/po/*.po) ; LC_ALL=C $(INTLTOOL_MERGE) -x -u -c $(top_builddir)/po/.intltool-merge-cache $(top_srcdir)/po $< $@'
INTLTOOL_PROP_RULE='%.prop:      %.prop.in      $(INTLTOOL_MERGE) $(wildcard $(top_srcdir)/po/*.po) ; LC_ALL=C $(INTLTOOL_MERGE) -d -u -c $(top_builddir)/po/.intltool-merge-cache $(top_srcdir)/po $< $@'
INTLTOOL_SCHEMAS_RULE='%.schemas:   %.schemas.in   $(INTLTOOL_MERGE) $(wildcard $(top_srcdir)/po/*.po) ; LC_ALL=C $(INTLTOOL_MERGE) -s -u -c $(top_builddir)/po/.intltool-merge-cache $(top_srcdir)/po $< $@'
INTLTOOL_SERVER_RULE='%.server:    %.server.in    $(INTLTOOL_MERGE) $(wildcard $(top_srcdir)/po/*.po) ; LC_ALL=C $(INTLTOOL_MERGE) -o -u -c $(top_builddir)/po/.intltool-merge-cache $(top_srcdir)/po $< $@'
INTLTOOL_SERVICE_RULE='%.service: %.service.in   $(INTLTOOL_MERGE) $(wildcard $(top_srcdir)/po/*.po) ; LC_ALL=C $(INTLTOOL_MERGE) -d -u -c $(top_builddir)/po/.intltool-merge-cache $(top_srcdir)/po $< $@'
INTLTOOL_SHEET_RULE='%.sheet:     %.sheet.in     $(INTLTOOL_MERGE) $(wildcard $(top_srcdir)/po/*.po) ; LC_ALL=C $(INTLTOOL_MERGE) -x -u -c $(top_builddir)/po/.intltool-merge-cache $(top_srcdir)/po $< $@'
INTLTOOL_SOUNDLIST_RULE='%.soundlist: %.soundlist.in $(INTLTOOL_MERGE) $(wildcard $(top_srcdir)/po/*.po) ; LC_ALL=C $(INTLTOOL_MERGE) -d -u -c $(top_builddir)/po/.intltool-merge-cache $(top_srcdir)/po $< $@'
INTLTOOL_THEME_RULE='%.theme:     %.theme.in     $(INTLTOOL_MERGE) $(wildcard $(top_srcdir)/po/*.po) ; LC_ALL=C $(INTLTOOL_MERGE) -d -u -c $(top_builddir)/po/.intltool-merge-cache $(top_srcdir)/po $< $@'
INTLTOOL_UI_RULE='%.ui:        %.ui.in        $(INTLTOOL_MERGE) $(wildcard $(top_srcdir)/po/*.po) ; LC_ALL=C $(INTLTOOL_MERGE) -x -u -c $(top_builddir)/po/.intltool-merge-cache $(top_srcdir)/po $< $@'
INTLTOOL_UPDATE='$(top_builddir)/intltool-update'
INTLTOOL_XAM_RULE='%.xam:       %.xml.in       $(INTLTOOL_MERGE) $(wildcard $(top_srcdir)/po/*.po) ; LC_ALL=C $(INTLTOOL_MERGE) -x -u -c $(top_builddir)/po/.intltool-merge-cache $(top_srcdir)/po $< $@'
INTLTOOL_XML_NOMERGE_RULE='%.xml:       %.xml.in       $(INTLTOOL_MERGE) ; LC_ALL=C $(INTLTOOL_MERGE) -x -u /tmp $< $@'
INTLTOOL_XML_RULE='%.xml:       %.xml.in       $(INTLTOOL_MERGE) $(wildcard $(top_srcdir)/po/*.po) ; LC_ALL=C $(INTLTOOL_MERGE) -x -u -c $(top_builddir)/po/.intltool-merge-cache $(top_srcdir)/po $< $@'
LDFLAGS=''
LIBOBJS=''
LIBS=''
LIBTOOL='$(SHELL) $(top_builddir)/libtool'
LIFEPAD3_CFLAGS='-I/usr/include/gtk-2.0 -I/usr/lib/gtk-2.0/include -I/usr/include/atk-1.0 -I/usr/include/cairo -I/usr/include/pango-1.0 -I/usr/include/glib-2.0 -I/usr/lib/glib-2.0/include -I/usr/include/freetype2 -I/usr/include/libpng12 -I/usr/include/pixman-1 -I/usr/include/libglade-2.0 -I/usr/include/libxml2  '
LIFEPAD3_LIBS='-lglade-2.0 -lgtk-x11-2.0 -lxml2 -lgdk-x11-2.0 -latk-1.0 -lgdk_pixbuf-2.0 -lm -lpangocairo-1.0 -lpango-1.0 -lcairo -lgobject-2.0 -lgmodule-2.0 -ldl -lglib-2.0  '
LN_S='ln -s'
LTLIBOBJS=''
MAINT=''
MAINTAINER_MODE_FALSE='#'
MAINTAINER_MODE_TRUE=''
MAKEINFO='${SHELL} /home/dahui/Program/gtk/lifepad3/missing --run makeinfo'
MKINSTALLDIRS='./mkinstalldirs'
MSGFMT='/usr/bin/msgfmt'
MSGFMT_OPTS='-c'
MSGMERGE='/usr/bin/msgmerge'
NMEDIT=''
OBJEXT='o'
PACKAGE='lifepad3'
PACKAGE_BUGREPORT=''
PACKAGE_NAME='lifepad3'
PACKAGE_STRING='lifepad3 0.1'
PACKAGE_TARNAME='lifepad3'
PACKAGE_VERSION='0.1'
PATH_SEPARATOR=':'
PKG_CONFIG='/usr/bin/pkg-config'
POFILES=''
POSUB='po'
PO_IN_DATADIR_FALSE=''
PO_IN_DATADIR_TRUE=''
RANLIB='ranlib'
SED='/bin/sed'
SET_MAKE=''
SHELL='/bin/bash'
STRIP='strip'
USE_NLS='yes'
VERSION='0.1'
XGETTEXT='/usr/bin/xgettext'
ac_ct_CC='gcc'
ac_ct_CXX='g++'
ac_ct_F77=''
am__fastdepCC_FALSE='#'
am__fastdepCC_TRUE=''
am__fastdepCXX_FALSE='#'
am__fastdepCXX_TRUE=''
am__include='include'
am__leading_dot='.'
am__quote=''
bindir='${exec_prefix}/bin'
build='i686-pc-linux-gnu'
build_alias=''
build_cpu='i686'
build_os='linux-gnu'
build_vendor='pc'
datadir='${datarootdir}'
datarootdir='${prefix}/share'
docdir='${datarootdir}/doc/${PACKAGE_TARNAME}'
dvidir='${docdir}'
exec_prefix='${prefix}'
host='i686-pc-linux-gnu'
host_alias=''
host_cpu='i686'
host_os='linux-gnu'
host_vendor='pc'
htmldir='${docdir}'
includedir='${prefix}/include'
infodir='${datarootdir}/info'
install_sh='/home/dahui/Program/gtk/lifepad3/install-sh'
libdir='${exec_prefix}/lib'
libexecdir='${exec_prefix}/libexec'
localedir='${datarootdir}/locale'
localstatedir='${prefix}/var'
mandir='${datarootdir}/man'
oldincludedir='/usr/include'
pdfdir='${docdir}'
prefix='/usr/local'
program_transform_name='s,x,x,'
psdir='${docdir}'
sbindir='${exec_prefix}/sbin'
sharedstatedir='${prefix}/com'
sysconfdir='${prefix}/etc'
target_alias=''

## ----------- ##
## confdefs.h. ##
## ----------- ##

#define PACKAGE_NAME "lifepad3"
#define PACKAGE_TARNAME "lifepad3"
#define PACKAGE_VERSION "0.1"
#define PACKAGE_STRING "lifepad3 0.1"
#define PACKAGE_BUGREPORT ""
#define PACKAGE "lifepad3"
#define VERSION "0.1"
#define STDC_HEADERS 1
#define GETTEXT_PACKAGE "lifepad3"
#define HAVE_SYS_TYPES_H 1
#define HAVE_SYS_STAT_H 1
#define HAVE_STDLIB_H 1
#define HAVE_STRING_H 1
#define HAVE_MEMORY_H 1
#define HAVE_STRINGS_H 1
#define HAVE_INTTYPES_H 1
#define HAVE_STDINT_H 1
#define HAVE_UNISTD_H 1
#define HAVE_LOCALE_H 1
#define HAVE_LC_MESSAGES 1
#define HAVE_BIND_TEXTDOMAIN_CODESET 1
#define HAVE_GETTEXT 1
#define HAVE_DCGETTEXT 1
#define ENABLE_NLS 1
#define HAVE_DLFCN_H 1

configure: exit 0
